0 info it worked if it ends with ok
1 verbose cli [ 'c:\\Program Files\\nodejs\\node.exe',
1 verbose cli   'c:\\Program Files\\nodejs\\node_modules\\npm\\bin\\npm-cli.js',
1 verbose cli   'install',
1 verbose cli   'jquerycookie' ]
2 info using npm@2.14.4
3 info using node@v4.1.1
4 verbose install initial load of c:\Project\FrontendPracticalTest\package.json
5 verbose installManyTop reading scoped package data from c:\Project\FrontendPracticalTest\node_modules\backbone\package.json
6 verbose installManyTop reading scoped package data from c:\Project\FrontendPracticalTest\node_modules\bootstrap\package.json
7 verbose installManyTop reading scoped package data from c:\Project\FrontendPracticalTest\node_modules\jquery\package.json
8 info package.json jquery@2.1.4 No license field.
9 verbose readDependencies loading dependencies from c:\Project\FrontendPracticalTest\package.json
10 silly cache add args [ 'jquerycookie', null ]
11 verbose cache add spec jquerycookie
12 silly cache add parsed spec Result {
12 silly cache add   raw: 'jquerycookie',
12 silly cache add   scope: null,
12 silly cache add   name: 'jquerycookie',
12 silly cache add   rawSpec: '',
12 silly cache add   spec: '*',
12 silly cache add   type: 'range' }
13 silly addNamed jquerycookie@*
14 verbose addNamed "*" is a valid semver range for jquerycookie
15 silly addNameRange { name: 'jquerycookie', range: '*', hasData: false }
16 silly mapToRegistry name jquerycookie
17 silly mapToRegistry using default registry
18 silly mapToRegistry registry https://registry.npmjs.org/
19 silly mapToRegistry uri https://registry.npmjs.org/jquerycookie
20 verbose addNameRange registry:https://registry.npmjs.org/jquerycookie not in flight; fetching
21 verbose request uri https://registry.npmjs.org/jquerycookie
22 verbose request no auth needed
23 info attempt registry request try #1 at 17:05:11
24 verbose request id 231a8c16ec1be82e
25 http request GET https://registry.npmjs.org/jquerycookie
26 http 404 https://registry.npmjs.org/jquerycookie
27 verbose headers { 'content-type': 'application/json',
27 verbose headers   'cache-control': 'max-age=0',
27 verbose headers   'content-length': '2',
27 verbose headers   'accept-ranges': 'bytes',
27 verbose headers   date: 'Sat, 26 Sep 2015 20:05:07 GMT',
27 verbose headers   via: '1.1 varnish',
27 verbose headers   age: '0',
27 verbose headers   connection: 'keep-alive',
27 verbose headers   'x-served-by': 'cache-iad2145-IAD',
27 verbose headers   'x-cache': 'MISS',
27 verbose headers   'x-cache-hits': '0',
27 verbose headers   'x-timer': 'S1443297907.380112,VS0,VE384' }
28 silly get cb [ 404,
28 silly get   { 'content-type': 'application/json',
28 silly get     'cache-control': 'max-age=0',
28 silly get     'content-length': '2',
28 silly get     'accept-ranges': 'bytes',
28 silly get     date: 'Sat, 26 Sep 2015 20:05:07 GMT',
28 silly get     via: '1.1 varnish',
28 silly get     age: '0',
28 silly get     connection: 'keep-alive',
28 silly get     'x-served-by': 'cache-iad2145-IAD',
28 silly get     'x-cache': 'MISS',
28 silly get     'x-cache-hits': '0',
28 silly get     'x-timer': 'S1443297907.380112,VS0,VE384' } ]
29 verbose stack Error: Registry returned 404 for GET on https://registry.npmjs.org/jquerycookie
29 verbose stack     at makeError (c:\Program Files\nodejs\node_modules\npm\node_modules\npm-registry-client\lib\request.js:263:12)
29 verbose stack     at CachingRegistryClient.<anonymous> (c:\Program Files\nodejs\node_modules\npm\node_modules\npm-registry-client\lib\request.js:241:14)
29 verbose stack     at Request._callback (c:\Program Files\nodejs\node_modules\npm\node_modules\npm-registry-client\lib\request.js:171:14)
29 verbose stack     at Request.self.callback (c:\Program Files\nodejs\node_modules\npm\node_modules\request\request.js:198:22)
29 verbose stack     at emitTwo (events.js:87:13)
29 verbose stack     at Request.emit (events.js:172:7)
29 verbose stack     at Request.<anonymous> (c:\Program Files\nodejs\node_modules\npm\node_modules\request\request.js:1073:14)
29 verbose stack     at emitOne (events.js:82:20)
29 verbose stack     at Request.emit (events.js:169:7)
29 verbose stack     at IncomingMessage.<anonymous> (c:\Program Files\nodejs\node_modules\npm\node_modules\request\request.js:1019:12)
30 verbose statusCode 404
31 verbose pkgid jquerycookie
32 verbose cwd c:\Project\FrontendPracticalTest
33 error Windows_NT 10.0.10240
34 error argv "c:\\Program Files\\nodejs\\node.exe" "c:\\Program Files\\nodejs\\node_modules\\npm\\bin\\npm-cli.js" "install" "jquerycookie"
35 error node v4.1.1
36 error npm  v2.14.4
37 error code E404
38 error 404 Registry returned 404 for GET on https://registry.npmjs.org/jquerycookie
38 error 404
38 error 404 'jquerycookie' is not in the npm registry.
38 error 404 You should bug the author to publish it (or use the name yourself!)
38 error 404
38 error 404 Note that you can also install from a
38 error 404 tarball, folder, http url, or git url.
39 verbose exit [ 1, true ]
